[VAMS][2014-01-11 13:38:05,372] INFO | Listen on 9990 | [Thread-0] com.zhuc.nupay.mcm.PosMcAppServer.run(218)
debug, stdout,MINA,file[VAMS][2014-01-11 13:38:12,715] INFO | Listen on 9990 | [Thread-0] com.zhuc.nupay.mcm.PosMcAppServer.run(218)
debug, stdout,MINA,file[VAMS][2014-01-13 18:42:13,659] INFO | Using App [com.zhuc.nupay.mcm.app.JBeiApp] | [main] com.zhuc.nupay.mcm.PosMcAppServer.setApp(198)
 debug, stdout,MINA,file[VAMS][2014-01-13 18:42:13,894] INFO | Listen on 9990 | [Thread-0] com.zhuc.nupay.mcm.PosMcAppServer.run(219)
 debug, stdout,MINA,file[VAMS][2014-01-13 18:42:31,605] INFO | CREATED | [NioProcessor-2] org.apache.mina.filter.logging.LoggingFilter.log(186)
 debug, stdout,MINA,file[VAMS][2014-01-13 18:42:31,621] INFO | OPENED | [NioProcessor-2] org.apache.mina.filter.logging.LoggingFilter.log(186)
 debug, stdout,MINA,file[VAMS][2014-01-13 18:42:33,446] INFO | RECEIVED: HeapBuffer[pos=0 lim=56 cap=2048: 00 36 02 32 30 30 30 30 30 30 30 30 30 30 35 00...] | [NioProcessor-2] org.apache.mina.filter.logging.LoggingFilter.log(157)
 debug, stdout,MINA,file[VAMS][2014-01-13 18:42:34,727] INFO | SENT: HeapBuffer[pos=0 lim=0 cap=0: empty] | [NioProcessor-2] org.apache.mina.filter.logging.LoggingFilter.log(157)
 debug, stdout,MINA,file[VAMS][2014-01-13 18:42:34,728] INFO | RECEIVED: HeapBuffer[pos=0 lim=248 cap=2048: 00 36 03 32 30 30 30 30 30 30 30 30 30 30 35 00...] | [NioProcessor-2] org.apache.mina.filter.logging.LoggingFilter.log(157)
 debug, stdout,MINA,file[VAMS][2014-01-13 18:42:35,604] INFO | SENT: HeapBuffer[pos=0 lim=0 cap=0: empty] | [NioProcessor-2] org.apache.mina.filter.logging.LoggingFilter.log(157)
 debug, stdout,MINA,file[VAMS][2014-01-13 18:42:35,605] INFO | SENT: HeapBuffer[pos=0 lim=0 cap=0: empty] | [NioProcessor-2] org.apache.mina.filter.logging.LoggingFilter.log(157)
 debug, stdout,MINA,file[VAMS][2014-01-13 18:42:35,605] INFO | SENT: HeapBuffer[pos=0 lim=0 cap=0: empty] | [NioProcessor-2] org.apache.mina.filter.logging.LoggingFilter.log(157)
 debug, stdout,MINA,file[VAMS][2014-01-13 18:42:38,621] WARN | EXCEPTION : | [NioProcessor-2] org.apache.mina.filter.logging.LoggingFilter.log(130)
 debug, stdout,MINA,filejava.io.IOException: 远程主机强迫关闭了一个现有的连接。
	at sun.nio.ch.SocketDispatcher.read0(Native Method)
	at sun.nio.ch.SocketDispatcher.read(Unknown Source)
	at sun.nio.ch.IOUtil.readIntoNativeBuffer(Unknown Source)
	at sun.nio.ch.IOUtil.read(Unknown Source)
	at sun.nio.ch.SocketChannelImpl.read(Unknown Source)
	at org.apache.mina.transport.socket.nio.NioProcessor.read(NioProcessor.java:273)
	at org.apache.mina.transport.socket.nio.NioProcessor.read(NioProcessor.java:44)
	at org.apache.mina.core.polling.AbstractPollingIoProcessor.read(AbstractPollingIoProcessor.java:690)
	at org.apache.mina.core.polling.AbstractPollingIoProcessor.process(AbstractPollingIoProcessor.java:664)
	at org.apache.mina.core.polling.AbstractPollingIoProcessor.process(AbstractPollingIoProcessor.java:653)
	at org.apache.mina.core.polling.AbstractPollingIoProcessor.access$600(AbstractPollingIoProcessor.java:67)
	at org.apache.mina.core.polling.AbstractPollingIoProcessor$Processor.run(AbstractPollingIoProcessor.java:1124)
	at org.apache.mina.util.NamePreservingRunnable.run(NamePreservingRunnable.java:64)
	at java.util.concurrent.ThreadPoolExecutor.runWorker(Unknown Source)
	at java.util.concurrent.ThreadPoolExecutor$Worker.run(Unknown Source)
	at java.lang.Thread.run(Unknown Source)
[VAMS][2014-01-13 18:42:38,713] ERROR | Exception Caughted | [NioProcessor-2] com.zhuc.nupay.mcm.handler.PosMcAppServerHandler.exceptionCaught(33)
 debug, stdout,MINA,file[VAMS][2014-01-13 18:42:38,728] INFO | CLOSED | [NioProcessor-2] org.apache.mina.filter.logging.LoggingFilter.log(186)
 debug, stdout,MINA,file[VAMS][2014-01-23 14:56:21,795] INFO | Using App [com.zhuc.nupay.mcm.demo.DemoApp] | [main] com.zhuc.nupay.mcm.PosMcAppServer.setApp(266)
debug, stdout,MINA,file[VAMS][2014-01-23 14:56:21,823] INFO | Using App [com.zhuc.nupay.mcm.app.JBeiApp] | [main] com.zhuc.nupay.mcm.PosMcAppServer.setApp(266)
debug, stdout,MINA,file[VAMS][2014-01-23 14:56:21,957] INFO | Listen on 9991 | [Thread-1] com.zhuc.nupay.mcm.PosMcAppServer.run(287)
debug, stdout,MINA,file[VAMS][2014-01-23 14:56:21,957] INFO | Listen on 9990 | [Thread-0] com.zhuc.nupay.mcm.PosMcAppServer.run(287)
debug, stdout,MINA,file[VAMS][2017-03-28 22:51:57,989] INFO | Using App [com.zhuc.nupay.mcm.demo.DemoApp] | [main] com.zhuc.nupay.mcm.PosMcAppServer.setApp(266)
debug, stdout,MINA,file[VAMS][2017-03-28 22:51:57,998] INFO | Using App [com.zhuc.nupay.mcm.app.JBeiApp] | [main] com.zhuc.nupay.mcm.PosMcAppServer.setApp(266)
debug, stdout,MINA,file[VAMS][2017-03-28 22:51:58,577] INFO | Listen on 9991 | [Thread-1] com.zhuc.nupay.mcm.PosMcAppServer.run(287)
debug, stdout,MINA,file[VAMS][2017-03-28 22:51:58,577] INFO | Listen on 9990 | [Thread-0] com.zhuc.nupay.mcm.PosMcAppServer.run(287)
debug, stdout,MINA,file[VAMS][2017-03-28 22:51:58,618] INFO | Listen failed | [Thread-0] com.zhuc.nupay.mcm.PosMcAppServer.run(293)
debug, stdout,MINA,file[VAMS][2017-03-28 23:06:04,039] INFO | Using App [com.zhuc.nupay.mcm.demo.DemoApp] | [main] com.zhuc.nupay.mcm.PosMcAppServer.setApp(266)
debug, stdout,MINA,file[VAMS][2017-03-28 23:06:04,047] INFO | Using App [com.zhuc.nupay.mcm.app.JBeiApp] | [main] com.zhuc.nupay.mcm.PosMcAppServer.setApp(266)
debug, stdout,MINA,file[VAMS][2017-03-28 23:06:04,398] INFO | Listen on 9991 | [Thread-1] com.zhuc.nupay.mcm.PosMcAppServer.run(287)
debug, stdout,MINA,file[VAMS][2017-03-28 23:06:04,398] INFO | Listen on 9990 | [Thread-0] com.zhuc.nupay.mcm.PosMcAppServer.run(287)
debug, stdout,MINA,file[VAMS][2017-03-28 23:06:04,422] INFO | Listen failed | [Thread-0] com.zhuc.nupay.mcm.PosMcAppServer.run(293)
debug, stdout,MINA,file